[0.539s] Invoking command in '/home/yuki/ros2_ws/src/mypkg': PYTHONPATH=/home/yuki/ros2_ws/install/mypkg/lib/python3.10/site-packages:${PYTHONPATH} /usr/bin/python3 setup.py egg_info --egg-base ../../build/mypkg build --build-base /home/yuki/ros2_ws/build/mypkg/build install --prefix /home/yuki/ros2_ws/install/mypkg --record /home/yuki/ros2_ws/build/mypkg/install.log --single-version-externally-managed
[0.710s] running egg_info
[0.710s] creating ../../build/mypkg/mypkg.egg-info
[0.711s] writing ../../build/mypkg/mypkg.egg-info/PKG-INFO
[0.711s] writing dependency_links to ../../build/mypkg/mypkg.egg-info/dependency_links.txt
[0.711s] writing entry points to ../../build/mypkg/mypkg.egg-info/entry_points.txt
[0.711s] writing requirements to ../../build/mypkg/mypkg.egg-info/requires.txt
[0.711s] writing top-level names to ../../build/mypkg/mypkg.egg-info/top_level.txt
[0.711s] writing manifest file '../../build/mypkg/mypkg.egg-info/SOURCES.txt'
[0.713s] reading manifest file '../../build/mypkg/mypkg.egg-info/SOURCES.txt'
[0.714s] writing manifest file '../../build/mypkg/mypkg.egg-info/SOURCES.txt'
[0.714s] running build
[0.714s] running build_py
[0.714s] creating /home/yuki/ros2_ws/build/mypkg/build
[0.714s] creating /home/yuki/ros2_ws/build/mypkg/build/lib
[0.715s] creating /home/yuki/ros2_ws/build/mypkg/build/lib/mypkg
[0.715s] copying mypkg/__init__.py -> /home/yuki/ros2_ws/build/mypkg/build/lib/mypkg
[0.715s] running install
[0.715s] /usr/lib/python3/dist-packages/setuptools/command/install.py:34: SetuptoolsDeprecationWarning: setup.py install is deprecated. Use build and pip and other standards-based tools.
[0.715s]   warnings.warn(
[0.715s] running install_lib
[0.715s] creating /home/yuki/ros2_ws/install/mypkg/lib/python3.10/site-packages/mypkg
[0.715s] copying /home/yuki/ros2_ws/build/mypkg/build/lib/mypkg/__init__.py -> /home/yuki/ros2_ws/install/mypkg/lib/python3.10/site-packages/mypkg
[0.716s] byte-compiling /home/yuki/ros2_ws/install/mypkg/lib/python3.10/site-packages/mypkg/__init__.py to __init__.cpython-310.pyc
[0.716s] running install_data
[0.716s] creating /home/yuki/ros2_ws/install/mypkg/share/ament_index
[0.716s] creating /home/yuki/ros2_ws/install/mypkg/share/ament_index/resource_index
[0.717s] creating /home/yuki/ros2_ws/install/mypkg/share/ament_index/resource_index/packages
[0.717s] copying resource/mypkg -> /home/yuki/ros2_ws/install/mypkg/share/ament_index/resource_index/packages
[0.717s] copying package.xml -> /home/yuki/ros2_ws/install/mypkg/share/mypkg
[0.717s] running install_egg_info
[0.718s] Copying ../../build/mypkg/mypkg.egg-info to /home/yuki/ros2_ws/install/mypkg/lib/python3.10/site-packages/mypkg-0.0.0-py3.10.egg-info
[0.719s] running install_scripts
[0.736s] writing list of installed files to '/home/yuki/ros2_ws/build/mypkg/install.log'
[0.758s] Invoked command in '/home/yuki/ros2_ws/src/mypkg' returned '0': PYTHONPATH=/home/yuki/ros2_ws/install/mypkg/lib/python3.10/site-packages:${PYTHONPATH} /usr/bin/python3 setup.py egg_info --egg-base ../../build/mypkg build --build-base /home/yuki/ros2_ws/build/mypkg/build install --prefix /home/yuki/ros2_ws/install/mypkg --record /home/yuki/ros2_ws/build/mypkg/install.log --single-version-externally-managed
