[0.503s] Invoking command in '/home/yuki/ros2_ws/src/mypkg': PYTHONPATH=/home/yuki/ros2_ws/install/mypkg/lib/python3.10/site-packages:${PYTHONPATH} /usr/bin/python3 setup.py egg_info --egg-base ../../build/mypkg build --build-base /home/yuki/ros2_ws/build/mypkg/build install --prefix /home/yuki/ros2_ws/install/mypkg --record /home/yuki/ros2_ws/build/mypkg/install.log --single-version-externally-managed
[0.685s] running egg_info
[0.685s] writing ../../build/mypkg/mypkg.egg-info/PKG-INFO
[0.686s] writing dependency_links to ../../build/mypkg/mypkg.egg-info/dependency_links.txt
[0.686s] writing entry points to ../../build/mypkg/mypkg.egg-info/entry_points.txt
[0.686s] writing requirements to ../../build/mypkg/mypkg.egg-info/requires.txt
[0.686s] writing top-level names to ../../build/mypkg/mypkg.egg-info/top_level.txt
[0.687s] reading manifest file '../../build/mypkg/mypkg.egg-info/SOURCES.txt'
[0.688s] writing manifest file '../../build/mypkg/mypkg.egg-info/SOURCES.txt'
[0.689s] running build
[0.689s] running build_py
[0.689s] running install
[0.689s] /usr/lib/python3/dist-packages/setuptools/command/install.py:34: SetuptoolsDeprecationWarning: setup.py install is deprecated. Use build and pip and other standards-based tools.
[0.689s]   warnings.warn(
[0.690s] running install_lib
[0.691s] running install_data
[0.691s] running install_egg_info
[0.693s] removing '/home/yuki/ros2_ws/install/mypkg/lib/python3.10/site-packages/mypkg-0.0.0-py3.10.egg-info' (and everything under it)
[0.693s] Copying ../../build/mypkg/mypkg.egg-info to /home/yuki/ros2_ws/install/mypkg/lib/python3.10/site-packages/mypkg-0.0.0-py3.10.egg-info
[0.694s] running install_scripts
[0.711s] Installing listener script to /home/yuki/ros2_ws/install/mypkg/lib/mypkg
[0.711s] Installing talker script to /home/yuki/ros2_ws/install/mypkg/lib/mypkg
[0.712s] writing list of installed files to '/home/yuki/ros2_ws/build/mypkg/install.log'
[0.733s] Invoked command in '/home/yuki/ros2_ws/src/mypkg' returned '0': PYTHONPATH=/home/yuki/ros2_ws/install/mypkg/lib/python3.10/site-packages:${PYTHONPATH} /usr/bin/python3 setup.py egg_info --egg-base ../../build/mypkg build --build-base /home/yuki/ros2_ws/build/mypkg/build install --prefix /home/yuki/ros2_ws/install/mypkg --record /home/yuki/ros2_ws/build/mypkg/install.log --single-version-externally-managed
