[0.536s] Invoking command in '/home/yuki/ros2_ws/src/mypkg': PYTHONPATH=/home/yuki/ros2_ws/install/mypkg/lib/python3.10/site-packages:${PYTHONPATH} /usr/bin/python3 setup.py egg_info --egg-base ../../build/mypkg build --build-base /home/yuki/ros2_ws/build/mypkg/build install --prefix /home/yuki/ros2_ws/install/mypkg --record /home/yuki/ros2_ws/build/mypkg/install.log --single-version-externally-managed
[0.722s] running egg_info
[0.722s] writing ../../build/mypkg/mypkg.egg-info/PKG-INFO
[0.723s] writing dependency_links to ../../build/mypkg/mypkg.egg-info/dependency_links.txt
[0.723s] writing entry points to ../../build/mypkg/mypkg.egg-info/entry_points.txt
[0.723s] writing requirements to ../../build/mypkg/mypkg.egg-info/requires.txt
[0.724s] writing top-level names to ../../build/mypkg/mypkg.egg-info/top_level.txt
[0.725s] reading manifest file '../../build/mypkg/mypkg.egg-info/SOURCES.txt'
[0.726s] writing manifest file '../../build/mypkg/mypkg.egg-info/SOURCES.txt'
[0.726s] running build
[0.727s] running build_py
[0.727s] running install
[0.727s] /usr/lib/python3/dist-packages/setuptools/command/install.py:34: SetuptoolsDeprecationWarning: setup.py install is deprecated. Use build and pip and other standards-based tools.
[0.727s]   warnings.warn(
[0.727s] running install_lib
[0.728s] running install_data
[0.729s] running install_egg_info
[0.730s] removing '/home/yuki/ros2_ws/install/mypkg/lib/python3.10/site-packages/mypkg-0.0.0-py3.10.egg-info' (and everything under it)
[0.731s] Copying ../../build/mypkg/mypkg.egg-info to /home/yuki/ros2_ws/install/mypkg/lib/python3.10/site-packages/mypkg-0.0.0-py3.10.egg-info
[0.732s] running install_scripts
[0.752s] Installing listener script to /home/yuki/ros2_ws/install/mypkg/lib/mypkg
[0.753s] Installing talker script to /home/yuki/ros2_ws/install/mypkg/lib/mypkg
[0.754s] writing list of installed files to '/home/yuki/ros2_ws/build/mypkg/install.log'
[0.780s] Invoked command in '/home/yuki/ros2_ws/src/mypkg' returned '0': PYTHONPATH=/home/yuki/ros2_ws/install/mypkg/lib/python3.10/site-packages:${PYTHONPATH} /usr/bin/python3 setup.py egg_info --egg-base ../../build/mypkg build --build-base /home/yuki/ros2_ws/build/mypkg/build install --prefix /home/yuki/ros2_ws/install/mypkg --record /home/yuki/ros2_ws/build/mypkg/install.log --single-version-externally-managed
