[0.515s] Invoking command in '/home/yuki/ros2_ws/src/mypkg': PYTHONPATH=/home/yuki/ros2_ws/install/mypkg/lib/python3.10/site-packages:${PYTHONPATH} /usr/bin/python3 setup.py egg_info --egg-base ../../build/mypkg build --build-base /home/yuki/ros2_ws/build/mypkg/build install --prefix /home/yuki/ros2_ws/install/mypkg --record /home/yuki/ros2_ws/build/mypkg/install.log --single-version-externally-managed
[0.693s] running egg_info
[0.694s] writing ../../build/mypkg/mypkg.egg-info/PKG-INFO
[0.694s] writing dependency_links to ../../build/mypkg/mypkg.egg-info/dependency_links.txt
[0.695s] writing entry points to ../../build/mypkg/mypkg.egg-info/entry_points.txt
[0.695s] writing requirements to ../../build/mypkg/mypkg.egg-info/requires.txt
[0.695s] writing top-level names to ../../build/mypkg/mypkg.egg-info/top_level.txt
[0.697s] reading manifest file '../../build/mypkg/mypkg.egg-info/SOURCES.txt'
[0.698s] writing manifest file '../../build/mypkg/mypkg.egg-info/SOURCES.txt'
[0.699s] running build
[0.699s] running build_py
[0.699s] copying mypkg/talker.py -> /home/yuki/ros2_ws/build/mypkg/build/lib/mypkg
[0.699s] /usr/lib/python3/dist-packages/setuptools/command/install.py:34: SetuptoolsDeprecationWarning: setup.py install is deprecated. Use build and pip and other standards-based tools.
[0.700s]   warnings.warn(
[0.700s] running install
[0.700s] running install_lib
[0.701s] copying /home/yuki/ros2_ws/build/mypkg/build/lib/mypkg/talker.py -> /home/yuki/ros2_ws/install/mypkg/lib/python3.10/site-packages/mypkg
[0.702s] byte-compiling /home/yuki/ros2_ws/install/mypkg/lib/python3.10/site-packages/mypkg/talker.py to talker.cpython-310.pyc
[0.702s] running install_data
[0.703s] copying package.xml -> /home/yuki/ros2_ws/install/mypkg/share/mypkg
[0.703s] running install_egg_info
[0.705s] removing '/home/yuki/ros2_ws/install/mypkg/lib/python3.10/site-packages/mypkg-0.0.0-py3.10.egg-info' (and everything under it)
[0.705s] Copying ../../build/mypkg/mypkg.egg-info to /home/yuki/ros2_ws/install/mypkg/lib/python3.10/site-packages/mypkg-0.0.0-py3.10.egg-info
[0.707s] running install_scripts
[0.725s] Installing talker script to /home/yuki/ros2_ws/install/mypkg/lib/mypkg
[0.725s] writing list of installed files to '/home/yuki/ros2_ws/build/mypkg/install.log'
[0.750s] Invoked command in '/home/yuki/ros2_ws/src/mypkg' returned '0': PYTHONPATH=/home/yuki/ros2_ws/install/mypkg/lib/python3.10/site-packages:${PYTHONPATH} /usr/bin/python3 setup.py egg_info --egg-base ../../build/mypkg build --build-base /home/yuki/ros2_ws/build/mypkg/build install --prefix /home/yuki/ros2_ws/install/mypkg --record /home/yuki/ros2_ws/build/mypkg/install.log --single-version-externally-managed
