[0.525s] Invoking command in '/home/yuki/ros2_ws/src/mypkg': PYTHONPATH=/home/yuki/ros2_ws/install/mypkg/lib/python3.10/site-packages:${PYTHONPATH} /usr/bin/python3 setup.py egg_info --egg-base ../../build/mypkg build --build-base /home/yuki/ros2_ws/build/mypkg/build install --prefix /home/yuki/ros2_ws/install/mypkg --record /home/yuki/ros2_ws/build/mypkg/install.log --single-version-externally-managed
[0.706s] running egg_info
[0.706s] writing ../../build/mypkg/mypkg.egg-info/PKG-INFO
[0.707s] writing dependency_links to ../../build/mypkg/mypkg.egg-info/dependency_links.txt
[0.707s] writing entry points to ../../build/mypkg/mypkg.egg-info/entry_points.txt
[0.708s] writing requirements to ../../build/mypkg/mypkg.egg-info/requires.txt
[0.708s] writing top-level names to ../../build/mypkg/mypkg.egg-info/top_level.txt
[0.709s] reading manifest file '../../build/mypkg/mypkg.egg-info/SOURCES.txt'
[0.710s] writing manifest file '../../build/mypkg/mypkg.egg-info/SOURCES.txt'
[0.711s] running build
[0.711s] running build_py
[0.711s] copying mypkg/listener.py -> /home/yuki/ros2_ws/build/mypkg/build/lib/mypkg
[0.711s] running install
[0.712s] /usr/lib/python3/dist-packages/setuptools/command/install.py:34: SetuptoolsDeprecationWarning: setup.py install is deprecated. Use build and pip and other standards-based tools.
[0.712s]   warnings.warn(
[0.712s] running install_lib
[0.713s] copying /home/yuki/ros2_ws/build/mypkg/build/lib/mypkg/talker.py -> /home/yuki/ros2_ws/install/mypkg/lib/python3.10/site-packages/mypkg
[0.713s] copying /home/yuki/ros2_ws/build/mypkg/build/lib/mypkg/listener.py -> /home/yuki/ros2_ws/install/mypkg/lib/python3.10/site-packages/mypkg
[0.714s] byte-compiling /home/yuki/ros2_ws/install/mypkg/lib/python3.10/site-packages/mypkg/talker.py to talker.cpython-310.pyc
[0.714s] byte-compiling /home/yuki/ros2_ws/install/mypkg/lib/python3.10/site-packages/mypkg/listener.py to listener.cpython-310.pyc
[0.715s] running install_data
[0.715s] copying package.xml -> /home/yuki/ros2_ws/install/mypkg/share/mypkg
[0.715s] running install_egg_info
[0.717s] removing '/home/yuki/ros2_ws/install/mypkg/lib/python3.10/site-packages/mypkg-0.0.0-py3.10.egg-info' (and everything under it)
[0.717s] Copying ../../build/mypkg/mypkg.egg-info to /home/yuki/ros2_ws/install/mypkg/lib/python3.10/site-packages/mypkg-0.0.0-py3.10.egg-info
[0.718s] running install_scripts
[0.738s] Installing listener script to /home/yuki/ros2_ws/install/mypkg/lib/mypkg
[0.739s] Installing talker script to /home/yuki/ros2_ws/install/mypkg/lib/mypkg
[0.739s] writing list of installed files to '/home/yuki/ros2_ws/build/mypkg/install.log'
[0.762s] Invoked command in '/home/yuki/ros2_ws/src/mypkg' returned '0': PYTHONPATH=/home/yuki/ros2_ws/install/mypkg/lib/python3.10/site-packages:${PYTHONPATH} /usr/bin/python3 setup.py egg_info --egg-base ../../build/mypkg build --build-base /home/yuki/ros2_ws/build/mypkg/build install --prefix /home/yuki/ros2_ws/install/mypkg --record /home/yuki/ros2_ws/build/mypkg/install.log --single-version-externally-managed
